<?xml version="1.0" encoding="UTF-8" standalone="no"?><testsuite errors="0" failures="1" name="User Information" skipped="0" tests="2" time="2.61" timestamp="2023-05-29 02:58:31"><testcase name="GET - Get user information"><failure message="1 expectation failed.&#10;Expected status code &lt;200&gt; but was &lt;401&gt;.&#10;" type="java.lang.AssertionError">1 expectation failed.
Expected status code &lt;200&gt; but was &lt;401&gt;.
</failure><system-err>1 expectation failed.
Expected status code &lt;200&gt; but was &lt;401&gt;.
&#13;
io.restassured.internal.ResponseSpecificationImpl.validateResponseIfRequired(ResponseSpecificationImpl.groovy:696)&#13;
io.restassured.internal.ResponseSpecificationImpl.this$2$validateResponseIfRequired(ResponseSpecificationImpl.groovy)&#13;
io.restassured.internal.ResponseSpecificationImpl.statusCode(ResponseSpecificationImpl.groovy:135)&#13;
io.restassured.internal.ResponseSpecificationImpl.statusCode(ResponseSpecificationImpl.groovy:143)&#13;
io.restassured.internal.ValidatableResponseOptionsImpl.statusCode(ValidatableResponseOptionsImpl.java:89)&#13;
minpro@1.0-SNAPSHOT/starter.java.User.sendGetHttpRequestUser(User.java:27)&#13;
minpro@1.0-SNAPSHOT/starter.stepdefinitions.UserSteps.sentGetHttpRequestUser(UserSteps.java:25)&#13;
âœ½.I send GET HTTP request user(file:///C:/Users/user/Documents/GitHub/QE_Loyalty-Point/API_CICD_Minpro/src/test/resources/features/3.%20User.feature:9)&#13;
</system-err></testcase><testcase name="GET - Get user information without token"/></testsuite>